[debug] [2023-10-27T18:44:07.462Z] ----------------------------------------------------------------------
[debug] [2023-10-27T18:44:07.464Z] Command:       /usr/local/bin/node /usr/local/bin/firebase deploy --only hosting:ira
[debug] [2023-10-27T18:44:07.464Z] CLI Version:   12.7.0
[debug] [2023-10-27T18:44:07.465Z] Platform:      linux
[debug] [2023-10-27T18:44:07.465Z] Node Version:  v18.16.1
[debug] [2023-10-27T18:44:07.465Z] Time:          Sat Oct 28 2023 00:14:07 GMT+0530 (India Standard Time)
[debug] [2023-10-27T18:44:07.465Z] ----------------------------------------------------------------------
[debug] 
[debug] [2023-10-27T18:44:07.531Z] > command requires scopes: ["email","openid","https://www.googleapis.com/auth/cloudplatformprojects.readonly","https://www.googleapis.com/auth/firebase","https://www.googleapis.com/auth/cloud-platform"]
[debug] [2023-10-27T18:44:07.532Z] > authorizing via signed-in user (mention.ira@gmail.com)
[debug] [2023-10-27T18:44:07.532Z] [iam] checking project ira-driver for permissions ["firebase.projects.get","firebasehosting.sites.update"]
[debug] [2023-10-27T18:44:07.534Z] >>> [apiv2][query] POST https://cloudresourcemanager.googleapis.com/v1/projects/ira-driver:testIamPermissions [none]
[debug] [2023-10-27T18:44:07.534Z] >>> [apiv2][(partial)header] POST https://cloudresourcemanager.googleapis.com/v1/projects/ira-driver:testIamPermissions x-goog-quota-user=projects/ira-driver
[debug] [2023-10-27T18:44:07.534Z] >>> [apiv2][body] POST https://cloudresourcemanager.googleapis.com/v1/projects/ira-driver:testIamPermissions {"permissions":["firebase.projects.get","firebasehosting.sites.update"]}
[debug] [2023-10-27T18:44:09.180Z] <<< [apiv2][status] POST https://cloudresourcemanager.googleapis.com/v1/projects/ira-driver:testIamPermissions 200
[debug] [2023-10-27T18:44:09.182Z] <<< [apiv2][body] POST https://cloudresourcemanager.googleapis.com/v1/projects/ira-driver:testIamPermissions {"permissions":["firebase.projects.get","firebasehosting.sites.update"]}
[debug] [2023-10-27T18:44:09.186Z] >>> [apiv2][query] GET https://firebase.googleapis.com/v1beta1/projects/ira-driver [none]
[debug] [2023-10-27T18:44:09.714Z] <<< [apiv2][status] GET https://firebase.googleapis.com/v1beta1/projects/ira-driver 200
[debug] [2023-10-27T18:44:09.715Z] <<< [apiv2][body] GET https://firebase.googleapis.com/v1beta1/projects/ira-driver {"projectId":"ira-driver","projectNumber":"996507683838","displayName":"Ira cabs","name":"projects/ira-driver","resources":{"hostingSite":"ira-driver"},"state":"ACTIVE","etag":"1_1fe29a8d-f218-4b99-8177-7b507d3c9faa"}
[info] 
[info] === Deploying to 'ira-driver'...
[info] 
[info] i  deploying hosting 
[debug] [2023-10-27T18:44:09.730Z] >>> [apiv2][query] POST https://firebasehosting.googleapis.com/v1beta1/projects/-/sites/ira/versions [none]
[debug] [2023-10-27T18:44:09.730Z] >>> [apiv2][body] POST https://firebasehosting.googleapis.com/v1beta1/projects/-/sites/ira/versions {"status":"CREATED","labels":{"deployment-tool":"cli-firebase"}}
[debug] [2023-10-27T18:44:11.394Z] <<< [apiv2][status] POST https://firebasehosting.googleapis.com/v1beta1/projects/-/sites/ira/versions 200
[debug] [2023-10-27T18:44:11.395Z] <<< [apiv2][body] POST https://firebasehosting.googleapis.com/v1beta1/projects/-/sites/ira/versions {"name":"projects/996507683838/sites/ira/versions/062a48577213895a","status":"CREATED","config":{},"labels":{"deployment-tool":"cli-firebase"}}
[info] i  hosting[ira]: beginning deploy... 
[info] i  hosting[ira]: found 26 files in public 
[debug] [2023-10-27T18:44:11.417Z] [hosting] uploading with 200 concurrency
[debug] [2023-10-27T18:44:11.426Z] [hosting] hash cache [cHVibGlj] stored for 26 files
[debug] [2023-10-27T18:44:11.427Z] [hosting][hash queue][FINAL] {"max":2,"min":1,"avg":1,"active":0,"complete":26,"success":26,"errored":0,"retried":0,"total":26,"elapsed":7}
[debug] [2023-10-27T18:44:11.427Z] >>> [apiv2][query] POST https://firebasehosting.googleapis.com/v1beta1/projects/996507683838/sites/ira/versions/062a48577213895a:populateFiles [none]
[debug] [2023-10-27T18:44:11.427Z] >>> [apiv2][body] POST https://firebasehosting.googleapis.com/v1beta1/projects/996507683838/sites/ira/versions/062a48577213895a:populateFiles {"files":{"/404.html":"b7bab6b83fa074653ff28c8d2a64135d3434575f70a12ab3d3ba8080461b9537","/favicon.ico":"5db0637b966864c2b8352a84a6b4438360f6077c725b29aaaf80be894a69c118","/index.html":"6b8d8de127c5650d55bb22e2f58fcd1a35224ab6675e0f5d77da729f09ec63f2","/next.svg":"69fb75aede79b670cc3a774cf34561364d373632c78ed59342781868b751d105","/vercel.svg":"56529d5c05555c7bd45b85b6ad14f98f64d975e95b5c7c4f52a4b4cd812e816e","/IRA_Final/Jpeg/1.jpg":"4873f97ada03747392513b1a5f696be0d5e0c4d619705162d09f05174de20519","/IRA_Final/Jpeg/2.jpg":"cdc21df79520557233d958b98c66f867896af87ef65602eabd1d3681b751e10e","/IRA_Final/Jpeg/3.jpg":"b268977f69dd4b47f413e35aa963693b8ca2ea53c5319e19ef4e3b4ed0b95ac7","/IRA_Final/Jpeg/4.jpg":"ecaae657ee65e1b217b41d25ea9e33eb768ed3df6e900788a5e57b3b6f02b9e4","/IRA_Final/png/1.png":"f7859050fc403085d318c66db50c8a9862f70a7eae042641bc641e88ec5f0c35","/IRA_Final/png/2.png":"ba8cf24ff111c6fe72634c9a0998fb1a2d0a09415a4cc39d9f83a105bf0d0452","/IRA_Final/png/3.png":"7e9f57730191381df1285080b66d0ff48373c306c49147105ee85238f846f605","/IRA_Final/png/4.png":"c6ff148012c251df2f6a246edac2755a26a8e6237b48bbeb461da29873cccfed","/IRA_Final/svg/1.svg":"3168bd37bc9d6d83e75846ef04e18118739646c70a708f2ad6c21ae6906e9f51","/IRA_Final/svg/2.svg":"d6b7400d71b9a00cc2bbc3f5669723f03ee2a0dd0dd62bd26e76a9f1659baae2","/IRA_Final/svg/3.svg":"3011403c7b934c1ea5497020c0fb5a0965f6985f7cd1b2484fac08d9149ea302","/IRA_Final/svg/4.svg":"42fd2b36822ed33d9384e582a1e190b9bc9ad02b2406d286df4504a316d223eb","/fonts/SFNSText-Regular.otf":"964f43a9f7519fa2091f23d0156a04f86c40aa610af69af0278d5becfc4fdffd","/pics/avatar.png":"beaa17fdf2f4064511553b10b6ec787460cf244028eb8c1c41e409c04cca2c95","/pics/life_at_ira.jpeg":"3dee6d3af53367f9eff4447dfb20fb98be4a5331f86fcb36572656fccb1d3912","/pics/location-not-found.svg":"ad10775e7a1fa2106300898d3d4e156409d57a3ad26ab58f9a9afdd6638c6128","/pics/locations.jpeg":"d24b6f3708a21340a9747dd3561ab409b838e2141351f06c7af40b509bc4b0ee","/pics/taxi.png":"7d1e03d66b33df165bc0dd35a91dbbfd90da24586fce68ef1a6256248603dcba","/pics/team.jpeg":"1092e9065899d988391d09768726a8aa18c312f2100da8a45dcf07073343448e","/pics/velocity_unleashed.jpeg":"10600d1dc4fe2308b5d9ef98c254746510956184129d47202e48b8aa7e724eac","/videos/life_at_ira_video.mp4":"f108aef0df602768090e6ebb8410115756d73a1ad1e3b3776776775f04eab6fa"}}
[debug] [2023-10-27T18:44:12.671Z] <<< [apiv2][status] POST https://firebasehosting.googleapis.com/v1beta1/projects/996507683838/sites/ira/versions/062a48577213895a:populateFiles 200
[debug] [2023-10-27T18:44:12.671Z] <<< [apiv2][body] POST https://firebasehosting.googleapis.com/v1beta1/projects/996507683838/sites/ira/versions/062a48577213895a:populateFiles {"uploadRequiredHashes":["7d1e03d66b33df165bc0dd35a91dbbfd90da24586fce68ef1a6256248603dcba","f108aef0df602768090e6ebb8410115756d73a1ad1e3b3776776775f04eab6fa"],"uploadUrl":"https://upload-firebasehosting.googleapis.com/upload/sites/ira/versions/062a48577213895a/files"}
[debug] [2023-10-27T18:44:12.673Z] >>> [apiv2][query] POST https://upload-firebasehosting.googleapis.com/upload/sites/ira/versions/062a48577213895a/files/7d1e03d66b33df165bc0dd35a91dbbfd90da24586fce68ef1a6256248603dcba [none]
[debug] [2023-10-27T18:44:12.673Z] >>> [apiv2][body] POST https://upload-firebasehosting.googleapis.com/upload/sites/ira/versions/062a48577213895a/files/7d1e03d66b33df165bc0dd35a91dbbfd90da24586fce68ef1a6256248603dcba [stream]
[debug] [2023-10-27T18:44:12.674Z] >>> [apiv2][query] POST https://upload-firebasehosting.googleapis.com/upload/sites/ira/versions/062a48577213895a/files/f108aef0df602768090e6ebb8410115756d73a1ad1e3b3776776775f04eab6fa [none]
[debug] [2023-10-27T18:44:12.674Z] >>> [apiv2][body] POST https://upload-firebasehosting.googleapis.com/upload/sites/ira/versions/062a48577213895a/files/f108aef0df602768090e6ebb8410115756d73a1ad1e3b3776776775f04eab6fa [stream]
[debug] [2023-10-27T18:44:12.676Z] [hosting][populate queue][FINAL] {"max":1248,"min":1248,"avg":1248,"active":0,"complete":1,"success":1,"errored":0,"retried":0,"total":1,"elapsed":1251}
[debug] [2023-10-27T18:44:12.676Z] [hosting] uploads queued: 2
[debug] [2023-10-27T18:44:43.088Z] [uploadQueue] Retrying task 7d1e03d66b33df165bc0dd35a91dbbfd90da24586fce68ef1a6256248603dcba
[debug] [2023-10-27T18:44:43.091Z] >>> [apiv2][query] POST https://upload-firebasehosting.googleapis.com/upload/sites/ira/versions/062a48577213895a/files/7d1e03d66b33df165bc0dd35a91dbbfd90da24586fce68ef1a6256248603dcba [none]
[debug] [2023-10-27T18:44:43.092Z] >>> [apiv2][body] POST https://upload-firebasehosting.googleapis.com/upload/sites/ira/versions/062a48577213895a/files/7d1e03d66b33df165bc0dd35a91dbbfd90da24586fce68ef1a6256248603dcba [stream]
[debug] [2023-10-27T18:45:13.902Z] [uploadQueue] Retrying task 7d1e03d66b33df165bc0dd35a91dbbfd90da24586fce68ef1a6256248603dcba
[debug] [2023-10-27T18:45:13.904Z] >>> [apiv2][query] POST https://upload-firebasehosting.googleapis.com/upload/sites/ira/versions/062a48577213895a/files/7d1e03d66b33df165bc0dd35a91dbbfd90da24586fce68ef1a6256248603dcba [none]
[debug] [2023-10-27T18:45:13.904Z] >>> [apiv2][body] POST https://upload-firebasehosting.googleapis.com/upload/sites/ira/versions/062a48577213895a/files/7d1e03d66b33df165bc0dd35a91dbbfd90da24586fce68ef1a6256248603dcba [stream]
[debug] [2023-10-27T18:45:45.513Z] [uploadQueue] Retrying task 7d1e03d66b33df165bc0dd35a91dbbfd90da24586fce68ef1a6256248603dcba
[debug] [2023-10-27T18:45:45.515Z] >>> [apiv2][query] POST https://upload-firebasehosting.googleapis.com/upload/sites/ira/versions/062a48577213895a/files/7d1e03d66b33df165bc0dd35a91dbbfd90da24586fce68ef1a6256248603dcba [none]
[debug] [2023-10-27T18:45:45.515Z] >>> [apiv2][body] POST https://upload-firebasehosting.googleapis.com/upload/sites/ira/versions/062a48577213895a/files/7d1e03d66b33df165bc0dd35a91dbbfd90da24586fce68ef1a6256248603dcba [stream]
[debug] [2023-10-27T18:46:18.729Z] [uploadQueue] Retrying task 7d1e03d66b33df165bc0dd35a91dbbfd90da24586fce68ef1a6256248603dcba
[debug] [2023-10-27T18:46:18.730Z] >>> [apiv2][query] POST https://upload-firebasehosting.googleapis.com/upload/sites/ira/versions/062a48577213895a/files/7d1e03d66b33df165bc0dd35a91dbbfd90da24586fce68ef1a6256248603dcba [none]
[debug] [2023-10-27T18:46:18.731Z] >>> [apiv2][body] POST https://upload-firebasehosting.googleapis.com/upload/sites/ira/versions/062a48577213895a/files/7d1e03d66b33df165bc0dd35a91dbbfd90da24586fce68ef1a6256248603dcba [stream]
[debug] [2023-10-27T18:46:23.546Z] [uploadQueue] Retrying task f108aef0df602768090e6ebb8410115756d73a1ad1e3b3776776775f04eab6fa
[debug] [2023-10-27T18:46:23.547Z] >>> [apiv2][query] POST https://upload-firebasehosting.googleapis.com/upload/sites/ira/versions/062a48577213895a/files/f108aef0df602768090e6ebb8410115756d73a1ad1e3b3776776775f04eab6fa [none]
[debug] [2023-10-27T18:46:23.548Z] >>> [apiv2][body] POST https://upload-firebasehosting.googleapis.com/upload/sites/ira/versions/062a48577213895a/files/f108aef0df602768090e6ebb8410115756d73a1ad1e3b3776776775f04eab6fa [stream]
[debug] [2023-10-27T18:46:55.142Z] [uploadQueue] Retrying task 7d1e03d66b33df165bc0dd35a91dbbfd90da24586fce68ef1a6256248603dcba
[debug] [2023-10-27T18:46:55.143Z] >>> [apiv2][query] POST https://upload-firebasehosting.googleapis.com/upload/sites/ira/versions/062a48577213895a/files/7d1e03d66b33df165bc0dd35a91dbbfd90da24586fce68ef1a6256248603dcba [none]
[debug] [2023-10-27T18:46:55.143Z] >>> [apiv2][body] POST https://upload-firebasehosting.googleapis.com/upload/sites/ira/versions/062a48577213895a/files/7d1e03d66b33df165bc0dd35a91dbbfd90da24586fce68ef1a6256248603dcba [stream]
[debug] Task 7d1e03d66b33df165bc0dd35a91dbbfd90da24586fce68ef1a6256248603dcba failed: retries exhausted after 6 attempts, with error: TypeError: Converting circular structure to JSON
    --> starting at object with constructor 'TLSSocket'
    |     property 'parser' -> object with constructor 'HTTPParser'
    --- property 'socket' closes the circle
[debug] [2023-10-27T18:47:25.160Z] [hosting][upload queue][FINAL] {"max":0,"min":9999999999,"avg":0,"active":1,"complete":1,"success":0,"errored":1,"retried":6,"total":2,"elapsed":192489}
[debug] [2023-10-27T18:47:30.170Z] Error: Timed out.
    at Timeout._onTimeout (/usr/local/lib/node_modules/firebase-tools/lib/utils.js:254:49)
    at listOnTimeout (node:internal/timers:569:17)
    at process.processTimers (node:internal/timers:512:7)
[error] 
[error] Error: An unexpected error has occurred.
